  Prototype.cpp
e:\c++\designmode_c++\prototype\prototype.cpp(17): error C2027: 使用了未定义类型“ResumeA”
  e:\c++\designmode_c++\prototype\prototype.cpp(12): note: 参见“ResumeA”的声明
  e:\c++\designmode_c++\prototype\prototype.cpp(12): note: 参见“ResumeA”的声明
e:\c++\designmode_c++\prototype\prototype.cpp(18): error C2027: 使用了未定义类型“ResumeB”
  e:\c++\designmode_c++\prototype\prototype.cpp(13): note: 参见“ResumeB”的声明
  e:\c++\designmode_c++\prototype\prototype.cpp(13): note: 参见“ResumeB”的声明
e:\c++\designmode_c++\prototype\prototype.cpp(19): error C2027: 使用了未定义类型“Resume”
  e:\c++\designmode_c++\prototype\prototype.cpp(11): note: 参见“Resume”的声明
e:\c++\designmode_c++\prototype\prototype.cpp(19): error C2227: “->Clone”的左边必须指向类/结构/联合/泛型类型
e:\c++\designmode_c++\prototype\prototype.cpp(20): error C2027: 使用了未定义类型“Resume”
  e:\c++\designmode_c++\prototype\prototype.cpp(11): note: 参见“Resume”的声明
e:\c++\designmode_c++\prototype\prototype.cpp(20): error C2227: “->Clone”的左边必须指向类/结构/联合/泛型类型
e:\c++\designmode_c++\prototype\prototype.cpp(21): error C2027: 使用了未定义类型“Resume”
  e:\c++\designmode_c++\prototype\prototype.cpp(11): note: 参见“Resume”的声明
e:\c++\designmode_c++\prototype\prototype.cpp(21): error C2227: “->Show”的左边必须指向类/结构/联合/泛型类型
e:\c++\designmode_c++\prototype\prototype.cpp(22): error C2027: 使用了未定义类型“Resume”
  e:\c++\designmode_c++\prototype\prototype.cpp(11): note: 参见“Resume”的声明
e:\c++\designmode_c++\prototype\prototype.cpp(22): error C2227: “->Show”的左边必须指向类/结构/联合/泛型类型
e:\c++\designmode_c++\prototype\prototype.cpp(24): warning C4150: 删除指向不完整“Resume”类型的指针；没有调用析构函数
  e:\c++\designmode_c++\prototype\prototype.cpp(11): note: 参见“Resume”的声明
e:\c++\designmode_c++\prototype\prototype.cpp(27): error C2027: 使用了未定义类型“Resume”
  e:\c++\designmode_c++\prototype\prototype.cpp(11): note: 参见“Resume”的声明
e:\c++\designmode_c++\prototype\prototype.cpp(27): error C2227: “->Show”的左边必须指向类/结构/联合/泛型类型
e:\c++\designmode_c++\prototype\prototype.cpp(28): error C2027: 使用了未定义类型“Resume”
  e:\c++\designmode_c++\prototype\prototype.cpp(11): note: 参见“Resume”的声明
e:\c++\designmode_c++\prototype\prototype.cpp(28): error C2227: “->Show”的左边必须指向类/结构/联合/泛型类型
e:\c++\designmode_c++\prototype\prototype.cpp(29): warning C4150: 删除指向不完整“Resume”类型的指针；没有调用析构函数
  e:\c++\designmode_c++\prototype\prototype.cpp(11): note: 参见“Resume”的声明
e:\c++\designmode_c++\prototype\prototype.cpp(30): warning C4150: 删除指向不完整“Resume”类型的指针；没有调用析构函数
  e:\c++\designmode_c++\prototype\prototype.cpp(11): note: 参见“Resume”的声明
