e:\c++\designmode_c++\simplefactory\debug\simplefactory.pch
e:\c++\designmode_c++\simplefactory\debug\vc140.pdb
e:\c++\designmode_c++\simplefactory\debug\vc140.idb
e:\c++\designmode_c++\simplefactory\debug\stdafx.obj
e:\c++\designmode_c++\simplefactory\debug\factory.obj
e:\c++\designmode_c++\simplefactory\debug\product.obj
e:\c++\designmode_c++\simplefactory\debug\simplefactory.obj
e:\c++\designmode_c++\debug\simplefactory.ilk
e:\c++\designmode_c++\debug\simplefactory.exe
e:\c++\designmode_c++\debug\simplefactory.pdb
e:\c++\designmode_c++\simplefactory\debug\simplefactory.res
e:\c++\designmode_c++\simplefactory\debug\simplefactory.tlog\cl.command.1.tlog
e:\c++\designmode_c++\simplefactory\debug\simplefactory.tlog\cl.read.1.tlog
e:\c++\designmode_c++\simplefactory\debug\simplefactory.tlog\cl.write.1.tlog
e:\c++\designmode_c++\simplefactory\debug\simplefactory.tlog\link.command.1.tlog
e:\c++\designmode_c++\simplefactory\debug\simplefactory.tlog\link.read.1.tlog
e:\c++\designmode_c++\simplefactory\debug\simplefactory.tlog\link.write.1.tlog
e:\c++\designmode_c++\simplefactory\debug\simplefactory.tlog\rc.command.1.tlog
e:\c++\designmode_c++\simplefactory\debug\simplefactory.tlog\rc.read.1.tlog
e:\c++\designmode_c++\simplefactory\debug\simplefactory.tlog\rc.write.1.tlog
